find_header: checking for sqlite3.h... -------------------- yes

"gcc -o conftest -I/Users/darrinmc/.rbenv/versions/1.9.3-p448/include/ruby-1.9.1/x86_64-darwin12.5.0 -I/Users/darrinmc/.rbenv/versions/1.9.3-p448/include/ruby-1.9.1/ruby/backward -I/Users/darrinmc/.rbenv/versions/1.9.3-p448/include/ruby-1.9.1 -I. -I'/Users/darrinmc/.rbenv/versions/1.9.3-p448/include'  -D_XOPEN_SOURCE -D_DARWIN_C_SOURCE  -I'/Users/darrinmc/.rbenv/versions/1.9.3-p448/include'   -O3 -Wno-error=shorten-64-to-32  -pipe conftest.c  -L. -L/Users/darrinmc/.rbenv/versions/1.9.3-p448/lib -L. -L'/Users/darrinmc/.rbenv/versions/1.9.3-p448/lib'  -L/usr/local/lib     -lruby-static  -lpthread -ldl -lobjc "
checked program was:
/* begin */
1: #include "ruby.h"
2: 
3: int main(int argc, char **argv)
4: {
5:   return 0;
6: }
/* end */

"gcc -E -I/Users/darrinmc/.rbenv/versions/1.9.3-p448/include/ruby-1.9.1/x86_64-darwin12.5.0 -I/Users/darrinmc/.rbenv/versions/1.9.3-p448/include/ruby-1.9.1/ruby/backward -I/Users/darrinmc/.rbenv/versions/1.9.3-p448/include/ruby-1.9.1 -I. -I'/Users/darrinmc/.rbenv/versions/1.9.3-p448/include'  -D_XOPEN_SOURCE -D_DARWIN_C_SOURCE  -I'/Users/darrinmc/.rbenv/versions/1.9.3-p448/include'   -O3 -Wno-error=shorten-64-to-32  -pipe  conftest.c -o conftest.i"
checked program was:
/* begin */
1: #include "ruby.h"
2: 
3: #include <sqlite3.h>
/* end */

--------------------

find_library: checking for sqlite3_libversion_number() in -lsqlite3... -------------------- yes

"gcc -o conftest -I/Users/darrinmc/.rbenv/versions/1.9.3-p448/include/ruby-1.9.1/x86_64-darwin12.5.0 -I/Users/darrinmc/.rbenv/versions/1.9.3-p448/include/ruby-1.9.1/ruby/backward -I/Users/darrinmc/.rbenv/versions/1.9.3-p448/include/ruby-1.9.1 -I. -I'/Users/darrinmc/.rbenv/versions/1.9.3-p448/include'  -D_XOPEN_SOURCE -D_DARWIN_C_SOURCE  -I'/Users/darrinmc/.rbenv/versions/1.9.3-p448/include'   -O3 -Wno-error=shorten-64-to-32  -pipe conftest.c  -L. -L/Users/darrinmc/.rbenv/versions/1.9.3-p448/lib -L. -L'/Users/darrinmc/.rbenv/versions/1.9.3-p448/lib'  -L/usr/local/lib     -lruby-static -lsqlite3  -lpthread -ldl -lobjc "
conftest.c: In function ‘t’:
conftest.c:4: error: ‘sqlite3_libversion_number’ undeclared (first use in this function)
conftest.c:4: error: (Each undeclared identifier is reported only once
conftest.c:4: error: for each function it appears in.)
checked program was:
/* begin */
 1: #include "ruby.h"
 2: 
 3: /*top*/
 4: int t() { void ((*volatile p)()); p = (void ((*)()))sqlite3_libversion_number; return 0; }
 5: int main(int argc, char **argv)
 6: {
 7:   if (argc > 1000000) {
 8:     printf("%p", &t);
 9:   }
10: 
11:   return 0;
12: }
/* end */

"gcc -o conftest -I/Users/darrinmc/.rbenv/versions/1.9.3-p448/include/ruby-1.9.1/x86_64-darwin12.5.0 -I/Users/darrinmc/.rbenv/versions/1.9.3-p448/include/ruby-1.9.1/ruby/backward -I/Users/darrinmc/.rbenv/versions/1.9.3-p448/include/ruby-1.9.1 -I. -I'/Users/darrinmc/.rbenv/versions/1.9.3-p448/include'  -D_XOPEN_SOURCE -D_DARWIN_C_SOURCE  -I'/Users/darrinmc/.rbenv/versions/1.9.3-p448/include'   -O3 -Wno-error=shorten-64-to-32  -pipe conftest.c  -L. -L/Users/darrinmc/.rbenv/versions/1.9.3-p448/lib -L. -L'/Users/darrinmc/.rbenv/versions/1.9.3-p448/lib'  -L/usr/local/lib     -lruby-static -lsqlite3  -lpthread -ldl -lobjc "
checked program was:
/* begin */
 1: #include "ruby.h"
 2: 
 3: /*top*/
 4: int t() { sqlite3_libversion_number(); return 0; }
 5: int main(int argc, char **argv)
 6: {
 7:   if (argc > 1000000) {
 8:     printf("%p", &t);
 9:   }
10: 
11:   return 0;
12: }
/* end */

--------------------

have_func: checking for rb_proc_arity()... -------------------- yes

"gcc -o conftest -I/Users/darrinmc/.rbenv/versions/1.9.3-p448/include/ruby-1.9.1/x86_64-darwin12.5.0 -I/Users/darrinmc/.rbenv/versions/1.9.3-p448/include/ruby-1.9.1/ruby/backward -I/Users/darrinmc/.rbenv/versions/1.9.3-p448/include/ruby-1.9.1 -I. -I'/Users/darrinmc/.rbenv/versions/1.9.3-p448/include'  -D_XOPEN_SOURCE -D_DARWIN_C_SOURCE  -I'/Users/darrinmc/.rbenv/versions/1.9.3-p448/include'   -O3 -Wno-error=shorten-64-to-32  -pipe conftest.c  -L. -L/Users/darrinmc/.rbenv/versions/1.9.3-p448/lib -L. -L'/Users/darrinmc/.rbenv/versions/1.9.3-p448/lib'  -L/usr/local/lib    -lsqlite3  -lruby-static -lsqlite3  -lpthread -ldl -lobjc "
checked program was:
/* begin */
 1: #include "ruby.h"
 2: 
 3: /*top*/
 4: int t() { void ((*volatile p)()); p = (void ((*)()))rb_proc_arity; return 0; }
 5: int main(int argc, char **argv)
 6: {
 7:   if (argc > 1000000) {
 8:     printf("%p", &t);
 9:   }
10: 
11:   return 0;
12: }
/* end */

--------------------

have_func: checking for sqlite3_initialize()... -------------------- yes

"gcc -o conftest -I/Users/darrinmc/.rbenv/versions/1.9.3-p448/include/ruby-1.9.1/x86_64-darwin12.5.0 -I/Users/darrinmc/.rbenv/versions/1.9.3-p448/include/ruby-1.9.1/ruby/backward -I/Users/darrinmc/.rbenv/versions/1.9.3-p448/include/ruby-1.9.1 -I. -I'/Users/darrinmc/.rbenv/versions/1.9.3-p448/include'  -D_XOPEN_SOURCE -D_DARWIN_C_SOURCE  -I'/Users/darrinmc/.rbenv/versions/1.9.3-p448/include'   -O3 -Wno-error=shorten-64-to-32  -pipe conftest.c  -L. -L/Users/darrinmc/.rbenv/versions/1.9.3-p448/lib -L. -L'/Users/darrinmc/.rbenv/versions/1.9.3-p448/lib'  -L/usr/local/lib    -lsqlite3  -lruby-static -lsqlite3  -lpthread -ldl -lobjc "
conftest.c: In function ‘t’:
conftest.c:4: error: ‘sqlite3_initialize’ undeclared (first use in this function)
conftest.c:4: error: (Each undeclared identifier is reported only once
conftest.c:4: error: for each function it appears in.)
checked program was:
/* begin */
 1: #include "ruby.h"
 2: 
 3: /*top*/
 4: int t() { void ((*volatile p)()); p = (void ((*)()))sqlite3_initialize; return 0; }
 5: int main(int argc, char **argv)
 6: {
 7:   if (argc > 1000000) {
 8:     printf("%p", &t);
 9:   }
10: 
11:   return 0;
12: }
/* end */

"gcc -o conftest -I/Users/darrinmc/.rbenv/versions/1.9.3-p448/include/ruby-1.9.1/x86_64-darwin12.5.0 -I/Users/darrinmc/.rbenv/versions/1.9.3-p448/include/ruby-1.9.1/ruby/backward -I/Users/darrinmc/.rbenv/versions/1.9.3-p448/include/ruby-1.9.1 -I. -I'/Users/darrinmc/.rbenv/versions/1.9.3-p448/include'  -D_XOPEN_SOURCE -D_DARWIN_C_SOURCE  -I'/Users/darrinmc/.rbenv/versions/1.9.3-p448/include'   -O3 -Wno-error=shorten-64-to-32  -pipe conftest.c  -L. -L/Users/darrinmc/.rbenv/versions/1.9.3-p448/lib -L. -L'/Users/darrinmc/.rbenv/versions/1.9.3-p448/lib'  -L/usr/local/lib    -lsqlite3  -lruby-static -lsqlite3  -lpthread -ldl -lobjc "
checked program was:
/* begin */
 1: #include "ruby.h"
 2: 
 3: /*top*/
 4: int t() { sqlite3_initialize(); return 0; }
 5: int main(int argc, char **argv)
 6: {
 7:   if (argc > 1000000) {
 8:     printf("%p", &t);
 9:   }
10: 
11:   return 0;
12: }
/* end */

--------------------

have_func: checking for sqlite3_backup_init()... -------------------- yes

"gcc -o conftest -I/Users/darrinmc/.rbenv/versions/1.9.3-p448/include/ruby-1.9.1/x86_64-darwin12.5.0 -I/Users/darrinmc/.rbenv/versions/1.9.3-p448/include/ruby-1.9.1/ruby/backward -I/Users/darrinmc/.rbenv/versions/1.9.3-p448/include/ruby-1.9.1 -I. -I'/Users/darrinmc/.rbenv/versions/1.9.3-p448/include'  -D_XOPEN_SOURCE -D_DARWIN_C_SOURCE  -I'/Users/darrinmc/.rbenv/versions/1.9.3-p448/include'   -O3 -Wno-error=shorten-64-to-32  -pipe conftest.c  -L. -L/Users/darrinmc/.rbenv/versions/1.9.3-p448/lib -L. -L'/Users/darrinmc/.rbenv/versions/1.9.3-p448/lib'  -L/usr/local/lib    -lsqlite3  -lruby-static -lsqlite3  -lpthread -ldl -lobjc "
conftest.c: In function ‘t’:
conftest.c:4: error: ‘sqlite3_backup_init’ undeclared (first use in this function)
conftest.c:4: error: (Each undeclared identifier is reported only once
conftest.c:4: error: for each function it appears in.)
checked program was:
/* begin */
 1: #include "ruby.h"
 2: 
 3: /*top*/
 4: int t() { void ((*volatile p)()); p = (void ((*)()))sqlite3_backup_init; return 0; }
 5: int main(int argc, char **argv)
 6: {
 7:   if (argc > 1000000) {
 8:     printf("%p", &t);
 9:   }
10: 
11:   return 0;
12: }
/* end */

"gcc -o conftest -I/Users/darrinmc/.rbenv/versions/1.9.3-p448/include/ruby-1.9.1/x86_64-darwin12.5.0 -I/Users/darrinmc/.rbenv/versions/1.9.3-p448/include/ruby-1.9.1/ruby/backward -I/Users/darrinmc/.rbenv/versions/1.9.3-p448/include/ruby-1.9.1 -I. -I'/Users/darrinmc/.rbenv/versions/1.9.3-p448/include'  -D_XOPEN_SOURCE -D_DARWIN_C_SOURCE  -I'/Users/darrinmc/.rbenv/versions/1.9.3-p448/include'   -O3 -Wno-error=shorten-64-to-32  -pipe conftest.c  -L. -L/Users/darrinmc/.rbenv/versions/1.9.3-p448/lib -L. -L'/Users/darrinmc/.rbenv/versions/1.9.3-p448/lib'  -L/usr/local/lib    -lsqlite3  -lruby-static -lsqlite3  -lpthread -ldl -lobjc "
checked program was:
/* begin */
 1: #include "ruby.h"
 2: 
 3: /*top*/
 4: int t() { sqlite3_backup_init(); return 0; }
 5: int main(int argc, char **argv)
 6: {
 7:   if (argc > 1000000) {
 8:     printf("%p", &t);
 9:   }
10: 
11:   return 0;
12: }
/* end */

--------------------

have_func: checking for sqlite3_column_database_name()... -------------------- no

"gcc -o conftest -I/Users/darrinmc/.rbenv/versions/1.9.3-p448/include/ruby-1.9.1/x86_64-darwin12.5.0 -I/Users/darrinmc/.rbenv/versions/1.9.3-p448/include/ruby-1.9.1/ruby/backward -I/Users/darrinmc/.rbenv/versions/1.9.3-p448/include/ruby-1.9.1 -I. -I'/Users/darrinmc/.rbenv/versions/1.9.3-p448/include'  -D_XOPEN_SOURCE -D_DARWIN_C_SOURCE  -I'/Users/darrinmc/.rbenv/versions/1.9.3-p448/include'   -O3 -Wno-error=shorten-64-to-32  -pipe conftest.c  -L. -L/Users/darrinmc/.rbenv/versions/1.9.3-p448/lib -L. -L'/Users/darrinmc/.rbenv/versions/1.9.3-p448/lib'  -L/usr/local/lib    -lsqlite3  -lruby-static -lsqlite3  -lpthread -ldl -lobjc "
conftest.c: In function ‘t’:
conftest.c:4: error: ‘sqlite3_column_database_name’ undeclared (first use in this function)
conftest.c:4: error: (Each undeclared identifier is reported only once
conftest.c:4: error: for each function it appears in.)
checked program was:
/* begin */
 1: #include "ruby.h"
 2: 
 3: /*top*/
 4: int t() { void ((*volatile p)()); p = (void ((*)()))sqlite3_column_database_name; return 0; }
 5: int main(int argc, char **argv)
 6: {
 7:   if (argc > 1000000) {
 8:     printf("%p", &t);
 9:   }
10: 
11:   return 0;
12: }
/* end */

"gcc -o conftest -I/Users/darrinmc/.rbenv/versions/1.9.3-p448/include/ruby-1.9.1/x86_64-darwin12.5.0 -I/Users/darrinmc/.rbenv/versions/1.9.3-p448/include/ruby-1.9.1/ruby/backward -I/Users/darrinmc/.rbenv/versions/1.9.3-p448/include/ruby-1.9.1 -I. -I'/Users/darrinmc/.rbenv/versions/1.9.3-p448/include'  -D_XOPEN_SOURCE -D_DARWIN_C_SOURCE  -I'/Users/darrinmc/.rbenv/versions/1.9.3-p448/include'   -O3 -Wno-error=shorten-64-to-32  -pipe conftest.c  -L. -L/Users/darrinmc/.rbenv/versions/1.9.3-p448/lib -L. -L'/Users/darrinmc/.rbenv/versions/1.9.3-p448/lib'  -L/usr/local/lib    -lsqlite3  -lruby-static -lsqlite3  -lpthread -ldl -lobjc "
Undefined symbols for architecture x86_64:
  "_sqlite3_column_database_name", referenced from:
      _t in cccRc64E.o
ld: symbol(s) not found for architecture x86_64
collect2: ld returned 1 exit status
checked program was:
/* begin */
 1: #include "ruby.h"
 2: 
 3: /*top*/
 4: int t() { sqlite3_column_database_name(); return 0; }
 5: int main(int argc, char **argv)
 6: {
 7:   if (argc > 1000000) {
 8:     printf("%p", &t);
 9:   }
10: 
11:   return 0;
12: }
/* end */

--------------------

have_func: checking for sqlite3_enable_load_extension()... -------------------- no

"gcc -o conftest -I/Users/darrinmc/.rbenv/versions/1.9.3-p448/include/ruby-1.9.1/x86_64-darwin12.5.0 -I/Users/darrinmc/.rbenv/versions/1.9.3-p448/include/ruby-1.9.1/ruby/backward -I/Users/darrinmc/.rbenv/versions/1.9.3-p448/include/ruby-1.9.1 -I. -I'/Users/darrinmc/.rbenv/versions/1.9.3-p448/include'  -D_XOPEN_SOURCE -D_DARWIN_C_SOURCE  -I'/Users/darrinmc/.rbenv/versions/1.9.3-p448/include'   -O3 -Wno-error=shorten-64-to-32  -pipe conftest.c  -L. -L/Users/darrinmc/.rbenv/versions/1.9.3-p448/lib -L. -L'/Users/darrinmc/.rbenv/versions/1.9.3-p448/lib'  -L/usr/local/lib    -lsqlite3  -lruby-static -lsqlite3  -lpthread -ldl -lobjc "
conftest.c: In function ‘t’:
conftest.c:4: error: ‘sqlite3_enable_load_extension’ undeclared (first use in this function)
conftest.c:4: error: (Each undeclared identifier is reported only once
conftest.c:4: error: for each function it appears in.)
checked program was:
/* begin */
 1: #include "ruby.h"
 2: 
 3: /*top*/
 4: int t() { void ((*volatile p)()); p = (void ((*)()))sqlite3_enable_load_extension; return 0; }
 5: int main(int argc, char **argv)
 6: {
 7:   if (argc > 1000000) {
 8:     printf("%p", &t);
 9:   }
10: 
11:   return 0;
12: }
/* end */

"gcc -o conftest -I/Users/darrinmc/.rbenv/versions/1.9.3-p448/include/ruby-1.9.1/x86_64-darwin12.5.0 -I/Users/darrinmc/.rbenv/versions/1.9.3-p448/include/ruby-1.9.1/ruby/backward -I/Users/darrinmc/.rbenv/versions/1.9.3-p448/include/ruby-1.9.1 -I. -I'/Users/darrinmc/.rbenv/versions/1.9.3-p448/include'  -D_XOPEN_SOURCE -D_DARWIN_C_SOURCE  -I'/Users/darrinmc/.rbenv/versions/1.9.3-p448/include'   -O3 -Wno-error=shorten-64-to-32  -pipe conftest.c  -L. -L/Users/darrinmc/.rbenv/versions/1.9.3-p448/lib -L. -L'/Users/darrinmc/.rbenv/versions/1.9.3-p448/lib'  -L/usr/local/lib    -lsqlite3  -lruby-static -lsqlite3  -lpthread -ldl -lobjc "
Undefined symbols for architecture x86_64:
  "_sqlite3_enable_load_extension", referenced from:
      _t in ccsazFDh.o
ld: symbol(s) not found for architecture x86_64
collect2: ld returned 1 exit status
checked program was:
/* begin */
 1: #include "ruby.h"
 2: 
 3: /*top*/
 4: int t() { sqlite3_enable_load_extension(); return 0; }
 5: int main(int argc, char **argv)
 6: {
 7:   if (argc > 1000000) {
 8:     printf("%p", &t);
 9:   }
10: 
11:   return 0;
12: }
/* end */

--------------------

have_func: checking for sqlite3_load_extension()... -------------------- no

"gcc -o conftest -I/Users/darrinmc/.rbenv/versions/1.9.3-p448/include/ruby-1.9.1/x86_64-darwin12.5.0 -I/Users/darrinmc/.rbenv/versions/1.9.3-p448/include/ruby-1.9.1/ruby/backward -I/Users/darrinmc/.rbenv/versions/1.9.3-p448/include/ruby-1.9.1 -I. -I'/Users/darrinmc/.rbenv/versions/1.9.3-p448/include'  -D_XOPEN_SOURCE -D_DARWIN_C_SOURCE  -I'/Users/darrinmc/.rbenv/versions/1.9.3-p448/include'   -O3 -Wno-error=shorten-64-to-32  -pipe conftest.c  -L. -L/Users/darrinmc/.rbenv/versions/1.9.3-p448/lib -L. -L'/Users/darrinmc/.rbenv/versions/1.9.3-p448/lib'  -L/usr/local/lib    -lsqlite3  -lruby-static -lsqlite3  -lpthread -ldl -lobjc "
conftest.c: In function ‘t’:
conftest.c:4: error: ‘sqlite3_load_extension’ undeclared (first use in this function)
conftest.c:4: error: (Each undeclared identifier is reported only once
conftest.c:4: error: for each function it appears in.)
checked program was:
/* begin */
 1: #include "ruby.h"
 2: 
 3: /*top*/
 4: int t() { void ((*volatile p)()); p = (void ((*)()))sqlite3_load_extension; return 0; }
 5: int main(int argc, char **argv)
 6: {
 7:   if (argc > 1000000) {
 8:     printf("%p", &t);
 9:   }
10: 
11:   return 0;
12: }
/* end */

"gcc -o conftest -I/Users/darrinmc/.rbenv/versions/1.9.3-p448/include/ruby-1.9.1/x86_64-darwin12.5.0 -I/Users/darrinmc/.rbenv/versions/1.9.3-p448/include/ruby-1.9.1/ruby/backward -I/Users/darrinmc/.rbenv/versions/1.9.3-p448/include/ruby-1.9.1 -I. -I'/Users/darrinmc/.rbenv/versions/1.9.3-p448/include'  -D_XOPEN_SOURCE -D_DARWIN_C_SOURCE  -I'/Users/darrinmc/.rbenv/versions/1.9.3-p448/include'   -O3 -Wno-error=shorten-64-to-32  -pipe conftest.c  -L. -L/Users/darrinmc/.rbenv/versions/1.9.3-p448/lib -L. -L'/Users/darrinmc/.rbenv/versions/1.9.3-p448/lib'  -L/usr/local/lib    -lsqlite3  -lruby-static -lsqlite3  -lpthread -ldl -lobjc "
Undefined symbols for architecture x86_64:
  "_sqlite3_load_extension", referenced from:
      _t in ccfH0BtM.o
ld: symbol(s) not found for architecture x86_64
collect2: ld returned 1 exit status
checked program was:
/* begin */
 1: #include "ruby.h"
 2: 
 3: /*top*/
 4: int t() { sqlite3_load_extension(); return 0; }
 5: int main(int argc, char **argv)
 6: {
 7:   if (argc > 1000000) {
 8:     printf("%p", &t);
 9:   }
10: 
11:   return 0;
12: }
/* end */

--------------------

